[0721/220517.135:ERROR:process_info.cc(359)] UncheckedAllocate
[0721/220517.137:ERROR:process_info.cc(359)] UncheckedAllocate
[0721/220517.416:ERROR:process_memory_win.cc(73)] ReadMemory at 0x7ff7ecef0000 of 64 bytes failed: Only part of a ReadProcessMemory or WriteProcessMemory request was completed. (0x12B)
[0721/220517.417:WARNING:pe_image_reader.cc(340)] could not read dos header from C:\Program Files (x86)\Google\Chrome\Application\chrome.exe
[0721/220517.417:ERROR:process_memory_win.cc(73)] ReadMemory at 0x7ffc64860000 of 64 bytes failed: Only part of a ReadProcessMemory or WriteProcessMemory request was completed. (0x12B)
[0721/220517.417:WARNING:pe_image_reader.cc(340)] could not read dos header from C:\WINDOWS\SYSTEM32\ntdll.dll
[0721/220517.418:ERROR:process_memory_win.cc(73)] ReadMemory at 0x7ffc62910000 of 64 bytes failed: Only part of a ReadProcessMemory or WriteProcessMemory request was completed. (0x12B)
[0721/220517.418:WARNING:pe_image_reader.cc(340)] could not read dos header from C:\WINDOWS\System32\KERNEL32.dll
[0721/220517.418:ERROR:process_memory_win.cc(73)] ReadMemory at 0x7ffc62660000 of 64 bytes failed: Only part of a ReadProcessMemory or WriteProcessMemory request was completed. (0x12B)
[0721/220517.418:WARNING:pe_image_reader.cc(340)] could not read dos header from C:\WINDOWS\System32\KERNELBASE.dll
[0721/220517.418:ERROR:process_memory_win.cc(73)] ReadMemory at 0x7ffc59080000 of 64 bytes failed: Only part of a ReadProcessMemory or WriteProcessMemory request was completed. (0x12B)
[0721/220517.418:WARNING:pe_image_reader.cc(340)] could not read dos header from C:\WINDOWS\SYSTEM32\version.dll
[0721/220517.418:ERROR:process_memory_win.cc(73)] ReadMemory at 0x7ffc63560000 of 64 bytes failed: Only part of a ReadProcessMemory or WriteProcessMemory request was completed. (0x12B)
[0721/220517.418:WARNING:pe_image_reader.cc(340)] could not read dos header from C:\WINDOWS\System32\msvcrt.dll
[0721/220517.418:ERROR:process_memory_win.cc(73)] ReadMemory at 0x7ffc52d60000 of 64 bytes failed: Only part of a ReadProcessMemory or WriteProcessMemory request was completed. (0x12B)
[0721/220517.418:WARNING:pe_image_reader.cc(340)] could not read dos header from C:\Program Files (x86)\Google\Chrome\Application\83.0.4103.116\chrome_elf.dll
[0721/220517.418:ERROR:process_memory_win.cc(73)] ReadMemory at 0x7ffc62210000 of 64 bytes failed: Only part of a ReadProcessMemory or WriteProcessMemory request was completed. (0x12B)
[0721/220517.418:WARNING:pe_image_reader.cc(340)] could not read dos header from C:\WINDOWS\System32\bcryptPrimitives.dll
[0721/220517.418:ERROR:process_memory_win.cc(73)] ReadMemory at 0x7ffc63930000 of 64 bytes failed: Only part of a ReadProcessMemory or WriteProcessMemory request was completed. (0x12B)
[0721/220517.418:WARNING:pe_image_reader.cc(340)] could not read dos header from C:\WINDOWS\System32\ADVAPI32.dll
[0721/220517.419:ERROR:process_memory_win.cc(73)] ReadMemory at 0x7ffc62d50000 of 64 bytes failed: Only part of a ReadProcessMemory or WriteProcessMemory request was completed. (0x12B)
[0721/220517.419:WARNING:pe_image_reader.cc(340)] could not read dos header from C:\WINDOWS\System32\sechost.dll
[0721/220517.419:ERROR:process_memory_win.cc(73)] ReadMemory at 0x7ffc63810000 of 64 bytes failed: Only part of a ReadProcessMemory or WriteProcessMemory request was completed. (0x12B)
[0721/220517.419:WARNING:pe_image_reader.cc(340)] could not read dos header from C:\WINDOWS\System32\RPCRT4.dll
[0721/220517.419:ERROR:process_memory_win.cc(73)] ReadMemory at 0x7ffc0a6f0000 of 64 bytes failed: Only part of a ReadProcessMemory or WriteProcessMemory request was completed. (0x12B)
[0721/220517.419:WARNING:pe_image_reader.cc(340)] could not read dos header from C:\Program Files (x86)\Google\Chrome\Application\83.0.4103.116\chrome.dll
[0721/220517.419:ERROR:process_memory_win.cc(73)] ReadMemory at 0x7ffc63600000 of 64 bytes failed: Only part of a ReadProcessMemory or WriteProcessMemory request was completed. (0x12B)
[0721/220517.419:WARNING:pe_image_reader.cc(340)] could not read dos header from C:\WINDOWS\System32\WS2_32.dll
[0721/220517.419:ERROR:process_memory_win.cc(73)] ReadMemory at 0x7ffc63a50000 of 64 bytes failed: Only part of a ReadProcessMemory or WriteProcessMemory request was completed. (0x12B)
[0721/220517.419:WARNING:pe_image_reader.cc(340)] could not read dos header from C:\WINDOWS\System32\OLEAUT32.dll
[0721/220517.419:ERROR:process_memory_win.cc(73)] ReadMemory at 0x7ffc62570000 of 64 bytes failed: Only part of a ReadProcessMemory or WriteProcessMemory request was completed. (0x12B)
[0721/220517.419:WARNING:pe_image_reader.cc(340)] could not read dos header from C:\WINDOWS\System32\msvcp_win.dll
[0721/220517.419:ERROR:process_memory_win.cc(73)] ReadMemory at 0x7ffc62110000 of 64 bytes failed: Only part of a ReadProcessMemory or WriteProcessMemory request was completed. (0x12B)
[0721/220517.419:WARNING:pe_image_reader.cc(340)] could not read dos header from C:\WINDOWS\System32\ucrtbase.dll
[0721/220517.419:ERROR:process_memory_win.cc(73)] ReadMemory at 0x7ffc63c10000 of 64 bytes failed: Only part of a ReadProcessMemory or WriteProcessMemory request was completed. (0x12B)
[0721/220517.419:WARNING:pe_image_reader.cc(340)] could not read dos header from C:\WINDOWS\System32\combase.dll
[0721/220517.419:ERROR:process_memory_win.cc(73)] ReadMemory at 0x7ffc624e0000 of 64 bytes failed: Only part of a ReadProcessMemory or WriteProcessMemory request was completed. (0x12B)
[0721/220517.419:WARNING:pe_image_reader.cc(340)] could not read dos header from C:\WINDOWS\System32\WINTRUST.dll
[0721/220517.420:ERROR:process_memory_win.cc(73)] ReadMemory at 0x7ffc617b0000 of 64 bytes failed: Only part of a ReadProcessMemory or WriteProcessMemory request was completed. (0x12B)
[0721/220517.420:WARNING:pe_image_reader.cc(340)] could not read dos header from C:\WINDOWS\System32\MSASN1.dll
[0721/220517.420:ERROR:process_memory_win.cc(73)] ReadMemory at 0x7ffc61f70000 of 64 bytes failed: Only part of a ReadProcessMemory or WriteProcessMemory request was completed. (0x12B)
[0721/220517.420:WARNING:pe_image_reader.cc(340)] could not read dos header from C:\WINDOWS\System32\CRYPT32.dll
[0721/220517.420:ERROR:process_memory_win.cc(73)] ReadMemory at 0x7ffc60ca0000 of 64 bytes failed: Only part of a ReadProcessMemory or WriteProcessMemory request was completed. (0x12B)
[0721/220517.420:WARNING:pe_image_reader.cc(340)] could not read dos header from C:\WINDOWS\SYSTEM32\IPHLPAPI.DLL
[0721/220517.420:ERROR:process_memory_win.cc(73)] ReadMemory at 0x7ffc59940000 of 64 bytes failed: Only part of a ReadProcessMemory or WriteProcessMemory request was completed. (0x12B)
[0721/220517.420:WARNING:pe_image_reader.cc(340)] could not read dos header from C:\WINDOWS\SYSTEM32\WINMM.dll
[0721/220517.420:ERROR:process_memory_win.cc(73)] ReadMemory at 0x7ffc57010000 of 64 bytes failed: Only part of a ReadProcessMemory or WriteProcessMemory request was completed. (0x12B)
[0721/220517.420:WARNING:pe_image_reader.cc(340)] could not read dos header from C:\WINDOWS\SYSTEM32\Secur32.dll
[0721/220517.420:ERROR:process_memory_win.cc(73)] ReadMemory at 0x7ffc61610000 of 64 bytes failed: Only part of a ReadProcessMemory or WriteProcessMemory request was completed. (0x12B)
[0721/220517.420:WARNING:pe_image_reader.cc(340)] could not read dos header from C:\WINDOWS\SYSTEM32\USERENV.dll
[0721/220517.420:ERROR:process_memory_win.cc(73)] ReadMemory at 0x7ffc61730000 of 64 bytes failed: Only part of a ReadProcessMemory or WriteProcessMemory request was completed. (0x12B)
[0721/220517.420:WARNING:pe_image_reader.cc(340)] could not read dos header from C:\WINDOWS\System32\profapi.dll
[0721/220517.420:ERROR:process_memory_win.cc(73)] ReadMemory at 0x7ffc38500000 of 64 bytes failed: Only part of a ReadProcessMemory or WriteProcessMemory request was completed. (0x12B)
[0721/220517.420:WARNING:pe_image_reader.cc(340)] could not read dos header from C:\WINDOWS\SYSTEM32\UIAutomationCore.DLL
[0721/220517.421:ERROR:process_memory_win.cc(73)] ReadMemory at 0x7ffc3fed0000 of 64 bytes failed: Only part of a ReadProcessMemory or WriteProcessMemory request was completed. (0x12B)
[0721/220517.421:WARNING:pe_image_reader.cc(340)] could not read dos header from C:\WINDOWS\SYSTEM32\DWrite.dll
[0721/220517.421:ERROR:process_memory_win.cc(73)] ReadMemory at 0x7ffc43420000 of 64 bytes failed: Only part of a ReadProcessMemory or WriteProcessMemory request was completed. (0x12B)
[0721/220517.421:WARNING:pe_image_reader.cc(340)] could not read dos header from C:\WINDOWS\SYSTEM32\WINSPOOL.DRV
[0721/220517.421:ERROR:process_memory_win.cc(73)] ReadMemory at 0x7ffc617d0000 of 64 bytes failed: Only part of a ReadProcessMemory or WriteProcessMemory request was completed. (0x12B)
[0721/220517.421:WARNING:pe_image_reader.cc(340)] could not read dos header from C:\WINDOWS\System32\kernel.appcore.dll
[0721/220517.421:ERROR:process_memory_win.cc(73)] ReadMemory at 0x7ffc62540000 of 64 bytes failed: Only part of a ReadProcessMemory or WriteProcessMemory request was completed. (0x12B)
[0721/220517.421:WARNING:pe_image_reader.cc(340)] could not read dos header from C:\WINDOWS\System32\bcrypt.dll
[0721/220517.421:ERROR:process_memory_win.cc(73)] ReadMemory at 0x7ffc5ffd0000 of 64 bytes failed: Only part of a ReadProcessMemory or WriteProcessMemory request was completed. (0x12B)
[0721/220517.421:WARNING:pe_image_reader.cc(340)] could not read dos header from C:\WINDOWS\SYSTEM32\dbghelp.dll
[0721/220517.422:ERROR:process_memory_win.cc(73)] ReadMemory at 0x7ffc55b00000 of 64 bytes failed: Only part of a ReadProcessMemory or WriteProcessMemory request was completed. (0x12B)
[0721/220517.422:WARNING:pe_image_reader.cc(340)] could not read dos header from C:\WINDOWS\SYSTEM32\WINHTTP.dll
[0721/220517.422:ERROR:process_memory_win.cc(73)] ReadMemory at 0x7ffc5a340000 of 64 bytes failed: Only part of a ReadProcessMemory or WriteProcessMemory request was completed. (0x12B)
[0721/220517.422:WARNING:pe_image_reader.cc(340)] could not read dos header from C:\WINDOWS\SYSTEM32\dhcpcsvc.DLL
[0721/220517.422:ERROR:process_memory_win.cc(73)] ReadMemory at 0x7ffc639e0000 of 64 bytes failed: Only part of a ReadProcessMemory or WriteProcessMemory request was completed. (0x12B)
[0721/220517.422:WARNING:pe_image_reader.cc(340)] could not read dos header from C:\WINDOWS\System32\NSI.dll
[0721/220517.422:ERROR:process_memory_win.cc(73)] ReadMemory at 0x7ffc59910000 of 64 bytes failed: Only part of a ReadProcessMemory or WriteProcessMemory request was completed. (0x12B)
[0721/220517.422:WARNING:pe_image_reader.cc(340)] could not read dos header from C:\WINDOWS\SYSTEM32\WINMMBASE.dll
[0721/220517.422:ERROR:process_memory_win.cc(73)] ReadMemory at 0x7ffc62610000 of 64 bytes failed: Only part of a ReadProcessMemory or WriteProcessMemory request was completed. (0x12B)
[0721/220517.423:WARNING:pe_image_reader.cc(340)] could not read dos header from C:\WINDOWS\System32\cfgmgr32.dll
[0721/220517.423:ERROR:process_memory_win.cc(73)] ReadMemory at 0x7ffc60200000 of 64 bytes failed: Only part of a ReadProcessMemory or WriteProcessMemory request was completed. (0x12B)
[0721/220517.423:WARNING:pe_image_reader.cc(340)] could not read dos header from C:\WINDOWS\SYSTEM32\PROPSYS.dll
[0721/220517.423:ERROR:process_memory_win.cc(73)] ReadMemory at 0x7ffc632f0000 of 64 bytes failed: Only part of a ReadProcessMemory or WriteProcessMemory request was completed. (0x12B)
[0721/220517.423:WARNING:pe_image_reader.cc(340)] could not read dos header from C:\WINDOWS\System32\shcore.dll
[0721/220517.423:ERROR:process_memory_win.cc(73)] ReadMemory at 0x7ffc61640000 of 64 bytes failed: Only part of a ReadProcessMemory or WriteProcessMemory request was completed. (0x12B)
[0721/220517.423:WARNING:pe_image_reader.cc(340)] could not read dos header from C:\WINDOWS\SYSTEM32\SSPICLI.DLL
[0721/220517.423:ERROR:process_memory_win.cc(73)] ReadMemory at 0x7ffc61160000 of 64 bytes failed: Only part of a ReadProcessMemory or WriteProcessMemory request was completed. (0x12B)
[0721/220517.423:WARNING:pe_image_reader.cc(340)] could not read dos header from C:\WINDOWS\SYSTEM32\CRYPTBASE.DLL
[0721/220517.428:ERROR:process_memory_win.cc(73)] ReadMemory at 0x7ff7ecef0000 of 64 bytes failed: Only part of a ReadProcessMemory or WriteProcessMemory request was completed. (0x12B)
[0721/220517.428:WARNING:pe_image_reader.cc(340)] could not read dos header from C:\Program Files (x86)\Google\Chrome\Application\chrome.exe
[0721/220517.428:ERROR:process_memory_win.cc(73)] ReadMemory at 0x7ffc64860000 of 64 bytes failed: Only part of a ReadProcessMemory or WriteProcessMemory request was completed. (0x12B)
[0721/220517.428:WARNING:pe_image_reader.cc(340)] could not read dos header from C:\WINDOWS\SYSTEM32\ntdll.dll
[0721/220517.428:ERROR:process_memory_win.cc(73)] ReadMemory at 0x7ffc62910000 of 64 bytes failed: Only part of a ReadProcessMemory or WriteProcessMemory request was completed. (0x12B)
[0721/220517.428:WARNING:pe_image_reader.cc(340)] could not read dos header from C:\WINDOWS\System32\KERNEL32.dll
[0721/220517.428:ERROR:process_memory_win.cc(73)] ReadMemory at 0x7ffc62660000 of 64 bytes failed: Only part of a ReadProcessMemory or WriteProcessMemory request was completed. (0x12B)
[0721/220517.428:WARNING:pe_image_reader.cc(340)] could not read dos header from C:\WINDOWS\System32\KERNELBASE.dll
[0721/220517.428:ERROR:process_memory_win.cc(73)] ReadMemory at 0x7ffc59080000 of 64 bytes failed: Only part of a ReadProcessMemory or WriteProcessMemory request was completed. (0x12B)
[0721/220517.428:WARNING:pe_image_reader.cc(340)] could not read dos header from C:\WINDOWS\SYSTEM32\version.dll
[0721/220517.429:ERROR:process_memory_win.cc(73)] ReadMemory at 0x7ffc63560000 of 64 bytes failed: Only part of a ReadProcessMemory or WriteProcessMemory request was completed. (0x12B)
[0721/220517.429:WARNING:pe_image_reader.cc(340)] could not read dos header from C:\WINDOWS\System32\msvcrt.dll
[0721/220517.429:ERROR:process_memory_win.cc(73)] ReadMemory at 0x7ffc52d60000 of 64 bytes failed: Only part of a ReadProcessMemory or WriteProcessMemory request was completed. (0x12B)
[0721/220517.429:WARNING:pe_image_reader.cc(340)] could not read dos header from C:\Program Files (x86)\Google\Chrome\Application\83.0.4103.116\chrome_elf.dll
[0721/220517.429:ERROR:process_memory_win.cc(73)] ReadMemory at 0x7ffc62210000 of 64 bytes failed: Only part of a ReadProcessMemory or WriteProcessMemory request was completed. (0x12B)
[0721/220517.429:WARNING:pe_image_reader.cc(340)] could not read dos header from C:\WINDOWS\System32\bcryptPrimitives.dll
[0721/220517.429:ERROR:process_memory_win.cc(73)] ReadMemory at 0x7ffc63930000 of 64 bytes failed: Only part of a ReadProcessMemory or WriteProcessMemory request was completed. (0x12B)
[0721/220517.429:WARNING:pe_image_reader.cc(340)] could not read dos header from C:\WINDOWS\System32\ADVAPI32.dll
[0721/220517.429:ERROR:process_memory_win.cc(73)] ReadMemory at 0x7ffc62d50000 of 64 bytes failed: Only part of a ReadProcessMemory or WriteProcessMemory request was completed. (0x12B)
[0721/220517.429:WARNING:pe_image_reader.cc(340)] could not read dos header from C:\WINDOWS\System32\sechost.dll
[0721/220517.429:ERROR:process_memory_win.cc(73)] ReadMemory at 0x7ffc63810000 of 64 bytes failed: Only part of a ReadProcessMemory or WriteProcessMemory request was completed. (0x12B)
[0721/220517.429:WARNING:pe_image_reader.cc(340)] could not read dos header from C:\WINDOWS\System32\RPCRT4.dll
[0721/220517.429:ERROR:process_memory_win.cc(73)] ReadMemory at 0x7ffc0a6f0000 of 64 bytes failed: Only part of a ReadProcessMemory or WriteProcessMemory request was completed. (0x12B)
[0721/220517.429:WARNING:pe_image_reader.cc(340)] could not read dos header from C:\Program Files (x86)\Google\Chrome\Application\83.0.4103.116\chrome.dll
[0721/220517.429:ERROR:process_memory_win.cc(73)] ReadMemory at 0x7ffc63600000 of 64 bytes failed: Only part of a ReadProcessMemory or WriteProcessMemory request was completed. (0x12B)
[0721/220517.429:WARNING:pe_image_reader.cc(340)] could not read dos header from C:\WINDOWS\System32\WS2_32.dll
[0721/220517.429:ERROR:process_memory_win.cc(73)] ReadMemory at 0x7ffc63a50000 of 64 bytes failed: Only part of a ReadProcessMemory or WriteProcessMemory request was completed. (0x12B)
[0721/220517.430:WARNING:pe_image_reader.cc(340)] could not read dos header from C:\WINDOWS\System32\OLEAUT32.dll
[0721/220517.430:ERROR:process_memory_win.cc(73)] ReadMemory at 0x7ffc62570000 of 64 bytes failed: Only part of a ReadProcessMemory or WriteProcessMemory request was completed. (0x12B)
[0721/220517.430:WARNING:pe_image_reader.cc(340)] could not read dos header from C:\WINDOWS\System32\msvcp_win.dll
[0721/220517.430:ERROR:process_memory_win.cc(73)] ReadMemory at 0x7ffc62110000 of 64 bytes failed: Only part of a ReadProcessMemory or WriteProcessMemory request was completed. (0x12B)
[0721/220517.430:WARNING:pe_image_reader.cc(340)] could not read dos header from C:\WINDOWS\System32\ucrtbase.dll
[0721/220517.430:ERROR:process_memory_win.cc(73)] ReadMemory at 0x7ffc63c10000 of 64 bytes failed: Only part of a ReadProcessMemory or WriteProcessMemory request was completed. (0x12B)
[0721/220517.430:WARNING:pe_image_reader.cc(340)] could not read dos header from C:\WINDOWS\System32\combase.dll
[0721/220517.430:ERROR:process_memory_win.cc(73)] ReadMemory at 0x7ffc624e0000 of 64 bytes failed: Only part of a ReadProcessMemory or WriteProcessMemory request was completed. (0x12B)
[0721/220517.430:WARNING:pe_image_reader.cc(340)] could not read dos header from C:\WINDOWS\System32\WINTRUST.dll
[0721/220517.430:ERROR:process_memory_win.cc(73)] ReadMemory at 0x7ffc617b0000 of 64 bytes failed: Only part of a ReadProcessMemory or WriteProcessMemory request was completed. (0x12B)
[0721/220517.430:WARNING:pe_image_reader.cc(340)] could not read dos header from C:\WINDOWS\System32\MSASN1.dll
[0721/220517.430:ERROR:process_memory_win.cc(73)] ReadMemory at 0x7ffc61f70000 of 64 bytes failed: Only part of a ReadProcessMemory or WriteProcessMemory request was completed. (0x12B)
[0721/220517.430:WARNING:pe_image_reader.cc(340)] could not read dos header from C:\WINDOWS\System32\CRYPT32.dll
[0721/220517.430:ERROR:process_memory_win.cc(73)] ReadMemory at 0x7ffc60ca0000 of 64 bytes failed: Only part of a ReadProcessMemory or WriteProcessMemory request was completed. (0x12B)
[0721/220517.430:WARNING:pe_image_reader.cc(340)] could not read dos header from C:\WINDOWS\SYSTEM32\IPHLPAPI.DLL
[0721/220517.430:ERROR:process_memory_win.cc(73)] ReadMemory at 0x7ffc59940000 of 64 bytes failed: Only part of a ReadProcessMemory or WriteProcessMemory request was completed. (0x12B)
[0721/220517.431:WARNING:pe_image_reader.cc(340)] could not read dos header from C:\WINDOWS\SYSTEM32\WINMM.dll
[0721/220517.431:ERROR:process_memory_win.cc(73)] ReadMemory at 0x7ffc57010000 of 64 bytes failed: Only part of a ReadProcessMemory or WriteProcessMemory request was completed. (0x12B)
[0721/220517.431:WARNING:pe_image_reader.cc(340)] could not read dos header from C:\WINDOWS\SYSTEM32\Secur32.dll
[0721/220517.431:ERROR:process_memory_win.cc(73)] ReadMemory at 0x7ffc61610000 of 64 bytes failed: Only part of a ReadProcessMemory or WriteProcessMemory request was completed. (0x12B)
[0721/220517.431:WARNING:pe_image_reader.cc(340)] could not read dos header from C:\WINDOWS\SYSTEM32\USERENV.dll
[0721/220517.431:ERROR:process_memory_win.cc(73)] ReadMemory at 0x7ffc61730000 of 64 bytes failed: Only part of a ReadProcessMemory or WriteProcessMemory request was completed. (0x12B)
[0721/220517.431:WARNING:pe_image_reader.cc(340)] could not read dos header from C:\WINDOWS\System32\profapi.dll
[0721/220517.431:ERROR:process_memory_win.cc(73)] ReadMemory at 0x7ffc38500000 of 64 bytes failed: Only part of a ReadProcessMemory or WriteProcessMemory request was completed. (0x12B)
[0721/220517.431:WARNING:pe_image_reader.cc(340)] could not read dos header from C:\WINDOWS\SYSTEM32\UIAutomationCore.DLL
[0721/220517.431:ERROR:process_memory_win.cc(73)] ReadMemory at 0x7ffc3fed0000 of 64 bytes failed: Only part of a ReadProcessMemory or WriteProcessMemory request was completed. (0x12B)
[0721/220517.431:WARNING:pe_image_reader.cc(340)] could not read dos header from C:\WINDOWS\SYSTEM32\DWrite.dll
[0721/220517.431:ERROR:process_memory_win.cc(73)] ReadMemory at 0x7ffc43420000 of 64 bytes failed: Only part of a ReadProcessMemory or WriteProcessMemory request was completed. (0x12B)
[0721/220517.431:WARNING:pe_image_reader.cc(340)] could not read dos header from C:\WINDOWS\SYSTEM32\WINSPOOL.DRV
[0721/220517.431:ERROR:process_memory_win.cc(73)] ReadMemory at 0x7ffc617d0000 of 64 bytes failed: Only part of a ReadProcessMemory or WriteProcessMemory request was completed. (0x12B)
[0721/220517.431:WARNING:pe_image_reader.cc(340)] could not read dos header from C:\WINDOWS\System32\kernel.appcore.dll
[0721/220517.431:ERROR:process_memory_win.cc(73)] ReadMemory at 0x7ffc62540000 of 64 bytes failed: Only part of a ReadProcessMemory or WriteProcessMemory request was completed. (0x12B)
[0721/220517.431:WARNING:pe_image_reader.cc(340)] could not read dos header from C:\WINDOWS\System32\bcrypt.dll
[0721/220517.432:ERROR:process_memory_win.cc(73)] ReadMemory at 0x7ffc5ffd0000 of 64 bytes failed: Only part of a ReadProcessMemory or WriteProcessMemory request was completed. (0x12B)
[0721/220517.432:WARNING:pe_image_reader.cc(340)] could not read dos header from C:\WINDOWS\SYSTEM32\dbghelp.dll
[0721/220517.432:ERROR:process_memory_win.cc(73)] ReadMemory at 0x7ffc55b00000 of 64 bytes failed: Only part of a ReadProcessMemory or WriteProcessMemory request was completed. (0x12B)
[0721/220517.432:WARNING:pe_image_reader.cc(340)] could not read dos header from C:\WINDOWS\SYSTEM32\WINHTTP.dll
[0721/220517.432:ERROR:process_memory_win.cc(73)] ReadMemory at 0x7ffc5a340000 of 64 bytes failed: Only part of a ReadProcessMemory or WriteProcessMemory request was completed. (0x12B)
[0721/220517.432:WARNING:pe_image_reader.cc(340)] could not read dos header from C:\WINDOWS\SYSTEM32\dhcpcsvc.DLL
[0721/220517.432:ERROR:process_memory_win.cc(73)] ReadMemory at 0x7ffc639e0000 of 64 bytes failed: Only part of a ReadProcessMemory or WriteProcessMemory request was completed. (0x12B)
[0721/220517.432:WARNING:pe_image_reader.cc(340)] could not read dos header from C:\WINDOWS\System32\NSI.dll
[0721/220517.432:ERROR:process_memory_win.cc(73)] ReadMemory at 0x7ffc59910000 of 64 bytes failed: Only part of a ReadProcessMemory or WriteProcessMemory request was completed. (0x12B)
[0721/220517.432:WARNING:pe_image_reader.cc(340)] could not read dos header from C:\WINDOWS\SYSTEM32\WINMMBASE.dll
[0721/220517.432:ERROR:process_memory_win.cc(73)] ReadMemory at 0x7ffc62610000 of 64 bytes failed: Only part of a ReadProcessMemory or WriteProcessMemory request was completed. (0x12B)
[0721/220517.432:WARNING:pe_image_reader.cc(340)] could not read dos header from C:\WINDOWS\System32\cfgmgr32.dll
[0721/220517.432:ERROR:process_memory_win.cc(73)] ReadMemory at 0x7ffc60200000 of 64 bytes failed: Only part of a ReadProcessMemory or WriteProcessMemory request was completed. (0x12B)
[0721/220517.432:WARNING:pe_image_reader.cc(340)] could not read dos header from C:\WINDOWS\SYSTEM32\PROPSYS.dll
[0721/220517.432:ERROR:process_memory_win.cc(73)] ReadMemory at 0x7ffc632f0000 of 64 bytes failed: Only part of a ReadProcessMemory or WriteProcessMemory request was completed. (0x12B)
[0721/220517.432:WARNING:pe_image_reader.cc(340)] could not read dos header from C:\WINDOWS\System32\shcore.dll
[0721/220517.433:ERROR:process_memory_win.cc(73)] ReadMemory at 0x7ffc61640000 of 64 bytes failed: Only part of a ReadProcessMemory or WriteProcessMemory request was completed. (0x12B)
[0721/220517.433:WARNING:pe_image_reader.cc(340)] could not read dos header from C:\WINDOWS\SYSTEM32\SSPICLI.DLL
[0721/220517.433:ERROR:process_memory_win.cc(73)] ReadMemory at 0x7ffc61160000 of 64 bytes failed: Only part of a ReadProcessMemory or WriteProcessMemory request was completed. (0x12B)
[0721/220517.433:WARNING:pe_image_reader.cc(340)] could not read dos header from C:\WINDOWS\SYSTEM32\CRYPTBASE.DLL
[0721/220517.433:ERROR:process_memory_win.cc(73)] ReadMemory at 0x7ff7ecef0000 of 64 bytes failed: Only part of a ReadProcessMemory or WriteProcessMemory request was completed. (0x12B)
[0721/220517.433:WARNING:pe_image_reader.cc(340)] could not read dos header from C:\Program Files (x86)\Google\Chrome\Application\chrome.exe
[0721/220517.433:ERROR:process_memory_win.cc(73)] ReadMemory at 0x7ffc64860000 of 64 bytes failed: Only part of a ReadProcessMemory or WriteProcessMemory request was completed. (0x12B)
[0721/220517.433:WARNING:pe_image_reader.cc(340)] could not read dos header from C:\WINDOWS\SYSTEM32\ntdll.dll
[0721/220517.433:ERROR:process_memory_win.cc(73)] ReadMemory at 0x7ffc62910000 of 64 bytes failed: Only part of a ReadProcessMemory or WriteProcessMemory request was completed. (0x12B)
[0721/220517.433:WARNING:pe_image_reader.cc(340)] could not read dos header from C:\WINDOWS\System32\KERNEL32.dll
[0721/220517.433:ERROR:process_memory_win.cc(73)] ReadMemory at 0x7ffc62660000 of 64 bytes failed: Only part of a ReadProcessMemory or WriteProcessMemory request was completed. (0x12B)
[0721/220517.433:WARNING:pe_image_reader.cc(340)] could not read dos header from C:\WINDOWS\System32\KERNELBASE.dll
[0721/220517.433:ERROR:process_memory_win.cc(73)] ReadMemory at 0x7ffc59080000 of 64 bytes failed: Only part of a ReadProcessMemory or WriteProcessMemory request was completed. (0x12B)
[0721/220517.433:WARNING:pe_image_reader.cc(340)] could not read dos header from C:\WINDOWS\SYSTEM32\version.dll
[0721/220517.433:ERROR:process_memory_win.cc(73)] ReadMemory at 0x7ffc63560000 of 64 bytes failed: Only part of a ReadProcessMemory or WriteProcessMemory request was completed. (0x12B)
[0721/220517.433:WARNING:pe_image_reader.cc(340)] could not read dos header from C:\WINDOWS\System32\msvcrt.dll
[0721/220517.434:ERROR:process_memory_win.cc(73)] ReadMemory at 0x7ffc52d60000 of 64 bytes failed: Only part of a ReadProcessMemory or WriteProcessMemory request was completed. (0x12B)
[0721/220517.434:WARNING:pe_image_reader.cc(340)] could not read dos header from C:\Program Files (x86)\Google\Chrome\Application\83.0.4103.116\chrome_elf.dll
[0721/220517.434:ERROR:process_memory_win.cc(73)] ReadMemory at 0x7ffc62210000 of 64 bytes failed: Only part of a ReadProcessMemory or WriteProcessMemory request was completed. (0x12B)
[0721/220517.434:WARNING:pe_image_reader.cc(340)] could not read dos header from C:\WINDOWS\System32\bcryptPrimitives.dll
[0721/220517.434:ERROR:process_memory_win.cc(73)] ReadMemory at 0x7ffc63930000 of 64 bytes failed: Only part of a ReadProcessMemory or WriteProcessMemory request was completed. (0x12B)
[0721/220517.434:WARNING:pe_image_reader.cc(340)] could not read dos header from C:\WINDOWS\System32\ADVAPI32.dll
[0721/220517.434:ERROR:process_memory_win.cc(73)] ReadMemory at 0x7ffc62d50000 of 64 bytes failed: Only part of a ReadProcessMemory or WriteProcessMemory request was completed. (0x12B)
[0721/220517.434:WARNING:pe_image_reader.cc(340)] could not read dos header from C:\WINDOWS\System32\sechost.dll
[0721/220517.434:ERROR:process_memory_win.cc(73)] ReadMemory at 0x7ffc63810000 of 64 bytes failed: Only part of a ReadProcessMemory or WriteProcessMemory request was completed. (0x12B)
[0721/220517.434:WARNING:pe_image_reader.cc(340)] could not read dos header from C:\WINDOWS\System32\RPCRT4.dll
[0721/220517.434:ERROR:process_memory_win.cc(73)] ReadMemory at 0x7ffc0a6f0000 of 64 bytes failed: Only part of a ReadProcessMemory or WriteProcessMemory request was completed. (0x12B)
[0721/220517.434:WARNING:pe_image_reader.cc(340)] could not read dos header from C:\Program Files (x86)\Google\Chrome\Application\83.0.4103.116\chrome.dll
[0721/220517.434:ERROR:process_memory_win.cc(73)] ReadMemory at 0x7ffc63600000 of 64 bytes failed: Only part of a ReadProcessMemory or WriteProcessMemory request was completed. (0x12B)
[0721/220517.434:WARNING:pe_image_reader.cc(340)] could not read dos header from C:\WINDOWS\System32\WS2_32.dll
[0721/220517.434:ERROR:process_memory_win.cc(73)] ReadMemory at 0x7ffc63a50000 of 64 bytes failed: Only part of a ReadProcessMemory or WriteProcessMemory request was completed. (0x12B)
[0721/220517.434:WARNING:pe_image_reader.cc(340)] could not read dos header from C:\WINDOWS\System32\OLEAUT32.dll
[0721/220517.435:ERROR:process_memory_win.cc(73)] ReadMemory at 0x7ffc62570000 of 64 bytes failed: Only part of a ReadProcessMemory or WriteProcessMemory request was completed. (0x12B)
[0721/220517.435:WARNING:pe_image_reader.cc(340)] could not read dos header from C:\WINDOWS\System32\msvcp_win.dll
[0721/220517.435:ERROR:process_memory_win.cc(73)] ReadMemory at 0x7ffc62110000 of 64 bytes failed: Only part of a ReadProcessMemory or WriteProcessMemory request was completed. (0x12B)
[0721/220517.435:WARNING:pe_image_reader.cc(340)] could not read dos header from C:\WINDOWS\System32\ucrtbase.dll
[0721/220517.435:ERROR:process_memory_win.cc(73)] ReadMemory at 0x7ffc63c10000 of 64 bytes failed: Only part of a ReadProcessMemory or WriteProcessMemory request was completed. (0x12B)
[0721/220517.435:WARNING:pe_image_reader.cc(340)] could not read dos header from C:\WINDOWS\System32\combase.dll
[0721/220517.435:ERROR:process_memory_win.cc(73)] ReadMemory at 0x7ffc624e0000 of 64 bytes failed: Only part of a ReadProcessMemory or WriteProcessMemory request was completed. (0x12B)
[0721/220517.435:WARNING:pe_image_reader.cc(340)] could not read dos header from C:\WINDOWS\System32\WINTRUST.dll
[0721/220517.435:ERROR:process_memory_win.cc(73)] ReadMemory at 0x7ffc617b0000 of 64 bytes failed: Only part of a ReadProcessMemory or WriteProcessMemory request was completed. (0x12B)
[0721/220517.435:WARNING:pe_image_reader.cc(340)] could not read dos header from C:\WINDOWS\System32\MSASN1.dll
[0721/220517.435:ERROR:process_memory_win.cc(73)] ReadMemory at 0x7ffc61f70000 of 64 bytes failed: Only part of a ReadProcessMemory or WriteProcessMemory request was completed. (0x12B)
[0721/220517.435:WARNING:pe_image_reader.cc(340)] could not read dos header from C:\WINDOWS\System32\CRYPT32.dll
[0721/220517.435:ERROR:process_memory_win.cc(73)] ReadMemory at 0x7ffc60ca0000 of 64 bytes failed: Only part of a ReadProcessMemory or WriteProcessMemory request was completed. (0x12B)
[0721/220517.435:WARNING:pe_image_reader.cc(340)] could not read dos header from C:\WINDOWS\SYSTEM32\IPHLPAPI.DLL
[0721/220517.435:ERROR:process_memory_win.cc(73)] ReadMemory at 0x7ffc59940000 of 64 bytes failed: Only part of a ReadProcessMemory or WriteProcessMemory request was completed. (0x12B)
[0721/220517.435:WARNING:pe_image_reader.cc(340)] could not read dos header from C:\WINDOWS\SYSTEM32\WINMM.dll
[0721/220517.435:ERROR:process_memory_win.cc(73)] ReadMemory at 0x7ffc57010000 of 64 bytes failed: Only part of a ReadProcessMemory or WriteProcessMemory request was completed. (0x12B)
[0721/220517.435:WARNING:pe_image_reader.cc(340)] could not read dos header from C:\WINDOWS\SYSTEM32\Secur32.dll
[0721/220517.436:ERROR:process_memory_win.cc(73)] ReadMemory at 0x7ffc61610000 of 64 bytes failed: Only part of a ReadProcessMemory or WriteProcessMemory request was completed. (0x12B)
[0721/220517.436:WARNING:pe_image_reader.cc(340)] could not read dos header from C:\WINDOWS\SYSTEM32\USERENV.dll
[0721/220517.436:ERROR:process_memory_win.cc(73)] ReadMemory at 0x7ffc61730000 of 64 bytes failed: Only part of a ReadProcessMemory or WriteProcessMemory request was completed. (0x12B)
[0721/220517.436:WARNING:pe_image_reader.cc(340)] could not read dos header from C:\WINDOWS\System32\profapi.dll
[0721/220517.436:ERROR:process_memory_win.cc(73)] ReadMemory at 0x7ffc38500000 of 64 bytes failed: Only part of a ReadProcessMemory or WriteProcessMemory request was completed. (0x12B)
[0721/220517.436:WARNING:pe_image_reader.cc(340)] could not read dos header from C:\WINDOWS\SYSTEM32\UIAutomationCore.DLL
[0721/220517.436:ERROR:process_memory_win.cc(73)] ReadMemory at 0x7ffc3fed0000 of 64 bytes failed: Only part of a ReadProcessMemory or WriteProcessMemory request was completed. (0x12B)
[0721/220517.436:WARNING:pe_image_reader.cc(340)] could not read dos header from C:\WINDOWS\SYSTEM32\DWrite.dll
[0721/220517.436:ERROR:process_memory_win.cc(73)] ReadMemory at 0x7ffc43420000 of 64 bytes failed: Only part of a ReadProcessMemory or WriteProcessMemory request was completed. (0x12B)
[0721/220517.436:WARNING:pe_image_reader.cc(340)] could not read dos header from C:\WINDOWS\SYSTEM32\WINSPOOL.DRV
[0721/220517.436:ERROR:process_memory_win.cc(73)] ReadMemory at 0x7ffc617d0000 of 64 bytes failed: Only part of a ReadProcessMemory or WriteProcessMemory request was completed. (0x12B)
[0721/220517.436:WARNING:pe_image_reader.cc(340)] could not read dos header from C:\WINDOWS\System32\kernel.appcore.dll
[0721/220517.436:ERROR:process_memory_win.cc(73)] ReadMemory at 0x7ffc62540000 of 64 bytes failed: Only part of a ReadProcessMemory or WriteProcessMemory request was completed. (0x12B)
[0721/220517.436:WARNING:pe_image_reader.cc(340)] could not read dos header from C:\WINDOWS\System32\bcrypt.dll
[0721/220517.437:ERROR:process_memory_win.cc(73)] ReadMemory at 0x7ffc5ffd0000 of 64 bytes failed: Only part of a ReadProcessMemory or WriteProcessMemory request was completed. (0x12B)
[0721/220517.437:WARNING:pe_image_reader.cc(340)] could not read dos header from C:\WINDOWS\SYSTEM32\dbghelp.dll
[0721/220517.437:ERROR:process_memory_win.cc(73)] ReadMemory at 0x7ffc55b00000 of 64 bytes failed: Only part of a ReadProcessMemory or WriteProcessMemory request was completed. (0x12B)
[0721/220517.437:WARNING:pe_image_reader.cc(340)] could not read dos header from C:\WINDOWS\SYSTEM32\WINHTTP.dll
[0721/220517.437:ERROR:process_memory_win.cc(73)] ReadMemory at 0x7ffc5a340000 of 64 bytes failed: Only part of a ReadProcessMemory or WriteProcessMemory request was completed. (0x12B)
[0721/220517.437:WARNING:pe_image_reader.cc(340)] could not read dos header from C:\WINDOWS\SYSTEM32\dhcpcsvc.DLL
[0721/220517.437:ERROR:process_memory_win.cc(73)] ReadMemory at 0x7ffc639e0000 of 64 bytes failed: Only part of a ReadProcessMemory or WriteProcessMemory request was completed. (0x12B)
[0721/220517.437:WARNING:pe_image_reader.cc(340)] could not read dos header from C:\WINDOWS\System32\NSI.dll
[0721/220517.437:ERROR:process_memory_win.cc(73)] ReadMemory at 0x7ffc59910000 of 64 bytes failed: Only part of a ReadProcessMemory or WriteProcessMemory request was completed. (0x12B)
[0721/220517.437:WARNING:pe_image_reader.cc(340)] could not read dos header from C:\WINDOWS\SYSTEM32\WINMMBASE.dll
[0721/220517.437:ERROR:process_memory_win.cc(73)] ReadMemory at 0x7ffc62610000 of 64 bytes failed: Only part of a ReadProcessMemory or WriteProcessMemory request was completed. (0x12B)
[0721/220517.437:WARNING:pe_image_reader.cc(340)] could not read dos header from C:\WINDOWS\System32\cfgmgr32.dll
[0721/220517.437:ERROR:process_memory_win.cc(73)] ReadMemory at 0x7ffc60200000 of 64 bytes failed: Only part of a ReadProcessMemory or WriteProcessMemory request was completed. (0x12B)
[0721/220517.437:WARNING:pe_image_reader.cc(340)] could not read dos header from C:\WINDOWS\SYSTEM32\PROPSYS.dll
[0721/220517.437:ERROR:process_memory_win.cc(73)] ReadMemory at 0x7ffc632f0000 of 64 bytes failed: Only part of a ReadProcessMemory or WriteProcessMemory request was completed. (0x12B)
[0721/220517.437:WARNING:pe_image_reader.cc(340)] could not read dos header from C:\WINDOWS\System32\shcore.dll
[0721/220517.437:ERROR:process_memory_win.cc(73)] ReadMemory at 0x7ffc61640000 of 64 bytes failed: Only part of a ReadProcessMemory or WriteProcessMemory request was completed. (0x12B)
[0721/220517.437:WARNING:pe_image_reader.cc(340)] could not read dos header from C:\WINDOWS\SYSTEM32\SSPICLI.DLL
[0721/220517.438:ERROR:process_memory_win.cc(73)] ReadMemory at 0x7ffc61160000 of 64 bytes failed: Only part of a ReadProcessMemory or WriteProcessMemory request was completed. (0x12B)
[0721/220517.438:WARNING:pe_image_reader.cc(340)] could not read dos header from C:\WINDOWS\SYSTEM32\CRYPTBASE.DLL
[0721/220517.466:ERROR:process_memory_win.cc(73)] ReadMemory at 0x40453f6000 of 40960 bytes failed: Only part of a ReadProcessMemory or WriteProcessMemory request was completed. (0x12B)
[0721/220517.466:ERROR:process_memory_win.cc(73)] ReadMemory at 0x4045bfd000 of 12288 bytes failed: Only part of a ReadProcessMemory or WriteProcessMemory request was completed. (0x12B)
[0721/220517.467:ERROR:process_memory_win.cc(73)] ReadMemory at 0x40463fd000 of 12288 bytes failed: Only part of a ReadProcessMemory or WriteProcessMemory request was completed. (0x12B)
[0721/220517.467:ERROR:process_memory_win.cc(73)] ReadMemory at 0x4046bfc000 of 16384 bytes failed: Only part of a ReadProcessMemory or WriteProcessMemory request was completed. (0x12B)
[0721/220517.467:ERROR:process_memory_win.cc(73)] ReadMemory at 0x40473fb000 of 20480 bytes failed: Only part of a ReadProcessMemory or WriteProcessMemory request was completed. (0x12B)
[0721/220517.467:ERROR:process_memory_win.cc(73)] ReadMemory at 0x4047bfe000 of 8192 bytes failed: Only part of a ReadProcessMemory or WriteProcessMemory request was completed. (0x12B)
[0721/220517.467:ERROR:process_memory_win.cc(73)] ReadMemory at 0x40483fd000 of 12288 bytes failed: Only part of a ReadProcessMemory or WriteProcessMemory request was completed. (0x12B)
[0721/220517.468:ERROR:process_memory_win.cc(73)] ReadMemory at 0x4048bfb000 of 20480 bytes failed: Only part of a ReadProcessMemory or WriteProcessMemory request was completed. (0x12B)
[0721/220517.468:ERROR:process_memory_win.cc(73)] ReadMemory at 0x40493fd000 of 12288 bytes failed: Only part of a ReadProcessMemory or WriteProcessMemory request was completed. (0x12B)
[0721/220517.468:ERROR:process_memory_win.cc(73)] ReadMemory at 0x4049bfd000 of 12288 bytes failed: Only part of a ReadProcessMemory or WriteProcessMemory request was completed. (0x12B)
[0721/220517.468:ERROR:process_memory_win.cc(73)] ReadMemory at 0x404a3fd000 of 12288 bytes failed: Only part of a ReadProcessMemory or WriteProcessMemory request was completed. (0x12B)
[0721/220517.468:ERROR:process_memory_win.cc(73)] ReadMemory at 0x404abfd000 of 12288 bytes failed: Only part of a ReadProcessMemory or WriteProcessMemory request was completed. (0x12B)
[0721/220517.469:ERROR:process_memory_win.cc(73)] ReadMemory at 0x404b3fd000 of 12288 bytes failed: Only part of a ReadProcessMemory or WriteProcessMemory request was completed. (0x12B)
[0721/220517.469:ERROR:process_memory_win.cc(73)] ReadMemory at 0x404bbfd000 of 12288 bytes failed: Only part of a ReadProcessMemory or WriteProcessMemory request was completed. (0x12B)
[0721/220517.469:ERROR:process_memory_win.cc(73)] ReadMemory at 0x404c3fe000 of 8192 bytes failed: Only part of a ReadProcessMemory or WriteProcessMemory request was completed. (0x12B)
[0721/220517.469:ERROR:process_memory_win.cc(73)] ReadMemory at 0x4044ae3000 of 852 bytes failed: Only part of a ReadProcessMemory or WriteProcessMemory request was completed. (0x12B)
[0721/220517.469:ERROR:process_memory_win.cc(73)] ReadMemory at 0x4044ae4000 of 6024 bytes failed: Only part of a ReadProcessMemory or WriteProcessMemory request was completed. (0x12B)
[0721/220517.469:ERROR:process_memory_win.cc(73)] ReadMemory at 0x4044ae6000 of 6024 bytes failed: Only part of a ReadProcessMemory or WriteProcessMemory request was completed. (0x12B)
[0721/220517.469:ERROR:process_memory_win.cc(73)] ReadMemory at 0x4044ae8000 of 6024 bytes failed: Only part of a ReadProcessMemory or WriteProcessMemory request was completed. (0x12B)
[0721/220517.470:ERROR:process_memory_win.cc(73)] ReadMemory at 0x4044aea000 of 6024 bytes failed: Only part of a ReadProcessMemory or WriteProcessMemory request was completed. (0x12B)
[0721/220517.470:ERROR:process_memory_win.cc(73)] ReadMemory at 0x4044aec000 of 6024 bytes failed: Only part of a ReadProcessMemory or WriteProcessMemory request was completed. (0x12B)
[0721/220517.470:ERROR:process_memory_win.cc(73)] ReadMemory at 0x4044aee000 of 6024 bytes failed: Only part of a ReadProcessMemory or WriteProcessMemory request was completed. (0x12B)
[0721/220517.470:ERROR:process_memory_win.cc(73)] ReadMemory at 0x4044af0000 of 6024 bytes failed: Only part of a ReadProcessMemory or WriteProcessMemory request was completed. (0x12B)
[0721/220517.470:ERROR:process_memory_win.cc(73)] ReadMemory at 0x4044af2000 of 6024 bytes failed: Only part of a ReadProcessMemory or WriteProcessMemory request was completed. (0x12B)
[0721/220517.470:ERROR:process_memory_win.cc(73)] ReadMemory at 0x4044af4000 of 6024 bytes failed: Only part of a ReadProcessMemory or WriteProcessMemory request was completed. (0x12B)
[0721/220517.470:ERROR:process_memory_win.cc(73)] ReadMemory at 0x4044af6000 of 6024 bytes failed: Only part of a ReadProcessMemory or WriteProcessMemory request was completed. (0x12B)
[0721/220517.470:ERROR:process_memory_win.cc(73)] ReadMemory at 0x4044af8000 of 6024 bytes failed: Only part of a ReadProcessMemory or WriteProcessMemory request was completed. (0x12B)
[0721/220517.471:ERROR:process_memory_win.cc(73)] ReadMemory at 0x4044afa000 of 6024 bytes failed: Only part of a ReadProcessMemory or WriteProcessMemory request was completed. (0x12B)
[0721/220517.471:ERROR:process_memory_win.cc(73)] ReadMemory at 0x4044afc000 of 6024 bytes failed: Only part of a ReadProcessMemory or WriteProcessMemory request was completed. (0x12B)
[0721/220517.471:ERROR:process_memory_win.cc(73)] ReadMemory at 0x4044afe000 of 6024 bytes failed: Only part of a ReadProcessMemory or WriteProcessMemory request was completed. (0x12B)
[0721/220517.471:ERROR:process_memory_win.cc(73)] ReadMemory at 0x4044b00000 of 6024 bytes failed: Only part of a ReadProcessMemory or WriteProcessMemory request was completed. (0x12B)
[0721/220517.471:ERROR:process_memory_win.cc(73)] ReadMemory at 0x15f29701300 of 512 bytes failed: Only part of a ReadProcessMemory or WriteProcessMemory request was completed. (0x12B)
[0721/220517.471:ERROR:process_memory_win.cc(73)] ReadMemory at 0x15f29701c00 of 512 bytes failed: Only part of a ReadProcessMemory or WriteProcessMemory request was completed. (0x12B)
[0721/220517.471:ERROR:process_memory_win.cc(73)] ReadMemory at 0x15f29770fe0 of 16718 bytes failed: Only part of a ReadProcessMemory or WriteProcessMemory request was completed. (0x12B)
[0721/220517.472:ERROR:process_memory_win.cc(73)] ReadMemory at 0x15f29775140 of 1012 bytes failed: Only part of a ReadProcessMemory or WriteProcessMemory request was completed. (0x12B)
[0721/220517.472:ERROR:process_memory_win.cc(73)] ReadMemory at 0x15f29775788 of 118 bytes failed: Only part of a ReadProcessMemory or WriteProcessMemory request was completed. (0x12B)
[0721/220517.472:ERROR:process_memory_win.cc(73)] ReadMemory at 0x15f29775800 of 896 bytes failed: Only part of a ReadProcessMemory or WriteProcessMemory request was completed. (0x12B)
[0721/220517.472:ERROR:process_memory_win.cc(73)] ReadMemory at 0x15f29775b82 of 118 bytes failed: Only part of a ReadProcessMemory or WriteProcessMemory request was completed. (0x12B)
[0721/220517.472:ERROR:process_memory_win.cc(73)] ReadMemory at 0x15f29775bfa of 96 bytes failed: Only part of a ReadProcessMemory or WriteProcessMemory request was completed. (0x12B)
[0721/220517.472:ERROR:process_memory_win.cc(73)] ReadMemory at 0x15f29775c70 of 58 bytes failed: Only part of a ReadProcessMemory or WriteProcessMemory request was completed. (0x12B)
[0721/220517.472:ERROR:process_memory_win.cc(73)] ReadMemory at 0x15f29775d70 of 132 bytes failed: Only part of a ReadProcessMemory or WriteProcessMemory request was completed. (0x12B)
[0721/220517.473:ERROR:process_memory_win.cc(73)] ReadMemory at 0x15f29775f00 of 132 bytes failed: Only part of a ReadProcessMemory or WriteProcessMemory request was completed. (0x12B)
[0721/220517.473:ERROR:process_memory_win.cc(73)] ReadMemory at 0x15f297760c0 of 126 bytes failed: Only part of a ReadProcessMemory or WriteProcessMemory request was completed. (0x12B)
[0721/220517.473:ERROR:process_memory_win.cc(73)] ReadMemory at 0x15f297763b0 of 132 bytes failed: Only part of a ReadProcessMemory or WriteProcessMemory request was completed. (0x12B)
[0721/220517.473:ERROR:process_memory_win.cc(73)] ReadMemory at 0x15f29776950 of 132 bytes failed: Only part of a ReadProcessMemory or WriteProcessMemory request was completed. (0x12B)
[0721/220517.473:ERROR:process_memory_win.cc(73)] ReadMemory at 0x15f29776ae0 of 64 bytes failed: Only part of a ReadProcessMemory or WriteProcessMemory request was completed. (0x12B)
[0721/220517.473:ERROR:process_memory_win.cc(73)] ReadMemory at 0x15f29776cd0 of 132 bytes failed: Only part of a ReadProcessMemory or WriteProcessMemory request was completed. (0x12B)
[0721/220517.473:ERROR:process_memory_win.cc(73)] ReadMemory at 0x15f29776f40 of 132 bytes failed: Only part of a ReadProcessMemory or WriteProcessMemory request was completed. (0x12B)
[0721/220517.474:ERROR:process_memory_win.cc(73)] ReadMemory at 0x15f297770d0 of 68 bytes failed: Only part of a ReadProcessMemory or WriteProcessMemory request was completed. (0x12B)
[0721/220517.474:ERROR:process_memory_win.cc(73)] ReadMemory at 0x15f2977dad0 of 62 bytes failed: Only part of a ReadProcessMemory or WriteProcessMemory request was completed. (0x12B)
[0721/220517.474:ERROR:process_memory_win.cc(73)] ReadMemory at 0x15f2977de40 of 60 bytes failed: Only part of a ReadProcessMemory or WriteProcessMemory request was completed. (0x12B)
[0721/220517.474:ERROR:process_memory_win.cc(73)] ReadMemory at 0x15f29780da0 of 132 bytes failed: Only part of a ReadProcessMemory or WriteProcessMemory request was completed. (0x12B)
[0721/220517.474:ERROR:process_memory_win.cc(73)] ReadMemory at 0x15f29784a10 of 154 bytes failed: Only part of a ReadProcessMemory or WriteProcessMemory request was completed. (0x12B)
[0721/220517.474:ERROR:process_memory_win.cc(73)] ReadMemory at 0x15f297852c0 of 132 bytes failed: Only part of a ReadProcessMemory or WriteProcessMemory request was completed. (0x12B)
[0721/220517.474:ERROR:process_memory_win.cc(73)] ReadMemory at 0x15f29785610 of 132 bytes failed: Only part of a ReadProcessMemory or WriteProcessMemory request was completed. (0x12B)
[0721/220517.475:ERROR:process_memory_win.cc(73)] ReadMemory at 0x15f29785830 of 132 bytes failed: Only part of a ReadProcessMemory or WriteProcessMemory request was completed. (0x12B)
[0721/220517.475:ERROR:process_memory_win.cc(73)] ReadMemory at 0x15f29785960 of 132 bytes failed: Only part of a ReadProcessMemory or WriteProcessMemory request was completed. (0x12B)
[0721/220517.475:ERROR:process_memory_win.cc(73)] ReadMemory at 0x15f29785bd0 of 132 bytes failed: Only part of a ReadProcessMemory or WriteProcessMemory request was completed. (0x12B)
[0721/220517.475:ERROR:process_memory_win.cc(73)] ReadMemory at 0x15f29785f20 of 132 bytes failed: Only part of a ReadProcessMemory or WriteProcessMemory request was completed. (0x12B)
[0721/220517.475:ERROR:process_memory_win.cc(73)] ReadMemory at 0x15f29786100 of 80 bytes failed: Only part of a ReadProcessMemory or WriteProcessMemory request was completed. (0x12B)
[0721/220517.475:ERROR:process_memory_win.cc(73)] ReadMemory at 0x15f29788820 of 62 bytes failed: Only part of a ReadProcessMemory or WriteProcessMemory request was completed. (0x12B)
[0721/220517.475:ERROR:process_memory_win.cc(73)] ReadMemory at 0x15f297888c0 of 64 bytes failed: Only part of a ReadProcessMemory or WriteProcessMemory request was completed. (0x12B)
[0721/220517.475:ERROR:process_memory_win.cc(73)] ReadMemory at 0x15f29788910 of 62 bytes failed: Only part of a ReadProcessMemory or WriteProcessMemory request was completed. (0x12B)
[0721/220517.476:ERROR:process_memory_win.cc(73)] ReadMemory at 0x15f29788960 of 62 bytes failed: Only part of a ReadProcessMemory or WriteProcessMemory request was completed. (0x12B)
[0721/220517.476:ERROR:process_memory_win.cc(73)] ReadMemory at 0x15f297889b0 of 62 bytes failed: Only part of a ReadProcessMemory or WriteProcessMemory request was completed. (0x12B)
[0721/220517.476:ERROR:process_memory_win.cc(73)] ReadMemory at 0x15f29788a00 of 60 bytes failed: Only part of a ReadProcessMemory or WriteProcessMemory request was completed. (0x12B)
[0721/220517.476:ERROR:process_memory_win.cc(73)] ReadMemory at 0x15f29788a50 of 64 bytes failed: Only part of a ReadProcessMemory or WriteProcessMemory request was completed. (0x12B)
[0721/220517.476:ERROR:process_memory_win.cc(73)] ReadMemory at 0x15f29788b40 of 60 bytes failed: Only part of a ReadProcessMemory or WriteProcessMemory request was completed. (0x12B)
[0721/220517.476:ERROR:process_memory_win.cc(73)] ReadMemory at 0x15f29788b90 of 62 bytes failed: Only part of a ReadProcessMemory or WriteProcessMemory request was completed. (0x12B)
[0721/220517.476:ERROR:process_memory_win.cc(73)] ReadMemory at 0x15f29788c30 of 60 bytes failed: Only part of a ReadProcessMemory or WriteProcessMemory request was completed. (0x12B)
[0721/220517.477:ERROR:process_memory_win.cc(73)] ReadMemory at 0x15f29788c80 of 64 bytes failed: Only part of a ReadProcessMemory or WriteProcessMemory request was completed. (0x12B)
[0721/220517.477:ERROR:process_memory_win.cc(73)] ReadMemory at 0x15f29788d20 of 64 bytes failed: Only part of a ReadProcessMemory or WriteProcessMemory request was completed. (0x12B)
[0721/220517.477:ERROR:process_memory_win.cc(73)] ReadMemory at 0x15f29788d70 of 64 bytes failed: Only part of a ReadProcessMemory or WriteProcessMemory request was completed. (0x12B)
[0721/220517.477:ERROR:process_memory_win.cc(73)] ReadMemory at 0x15f29788dc0 of 62 bytes failed: Only part of a ReadProcessMemory or WriteProcessMemory request was completed. (0x12B)
[0721/220517.477:ERROR:process_memory_win.cc(73)] ReadMemory at 0x15f29788eb0 of 62 bytes failed: Only part of a ReadProcessMemory or WriteProcessMemory request was completed. (0x12B)
[0721/220517.477:ERROR:process_memory_win.cc(73)] ReadMemory at 0x15f29788f00 of 60 bytes failed: Only part of a ReadProcessMemory or WriteProcessMemory request was completed. (0x12B)
[0721/220517.477:ERROR:process_memory_win.cc(73)] ReadMemory at 0x15f29788f50 of 64 bytes failed: Only part of a ReadProcessMemory or WriteProcessMemory request was completed. (0x12B)
[0721/220517.477:ERROR:process_memory_win.cc(73)] ReadMemory at 0x15f29788ff0 of 58 bytes failed: Only part of a ReadProcessMemory or WriteProcessMemory request was completed. (0x12B)
[0721/220517.477:ERROR:process_memory_win.cc(73)] ReadMemory at 0x15f29789090 of 62 bytes failed: Only part of a ReadProcessMemory or WriteProcessMemory request was completed. (0x12B)
[0721/220517.478:ERROR:process_memory_win.cc(73)] ReadMemory at 0x15f297890e0 of 64 bytes failed: Only part of a ReadProcessMemory or WriteProcessMemory request was completed. (0x12B)
[0721/220517.478:ERROR:process_memory_win.cc(73)] ReadMemory at 0x15f297891d0 of 66 bytes failed: Only part of a ReadProcessMemory or WriteProcessMemory request was completed. (0x12B)
[0721/220517.478:ERROR:process_memory_win.cc(73)] ReadMemory at 0x15f29789220 of 66 bytes failed: Only part of a ReadProcessMemory or WriteProcessMemory request was completed. (0x12B)
[0721/220517.478:ERROR:process_memory_win.cc(73)] ReadMemory at 0x15f29789270 of 64 bytes failed: Only part of a ReadProcessMemory or WriteProcessMemory request was completed. (0x12B)
[0721/220517.478:ERROR:process_memory_win.cc(73)] ReadMemory at 0x15f29789450 of 62 bytes failed: Only part of a ReadProcessMemory or WriteProcessMemory request was completed. (0x12B)
[0721/220517.478:ERROR:process_memory_win.cc(73)] ReadMemory at 0x15f297894f0 of 60 bytes failed: Only part of a ReadProcessMemory or WriteProcessMemory request was completed. (0x12B)
[0721/220517.478:ERROR:process_memory_win.cc(73)] ReadMemory at 0x15f29789590 of 62 bytes failed: Only part of a ReadProcessMemory or WriteProcessMemory request was completed. (0x12B)
[0721/220517.479:ERROR:process_memory_win.cc(73)] ReadMemory at 0x15f297895e0 of 60 bytes failed: Only part of a ReadProcessMemory or WriteProcessMemory request was completed. (0x12B)
[0721/220517.479:ERROR:process_memory_win.cc(73)] ReadMemory at 0x15f297896f0 of 132 bytes failed: Only part of a ReadProcessMemory or WriteProcessMemory request was completed. (0x12B)
[0721/220517.479:ERROR:process_memory_win.cc(73)] ReadMemory at 0x15f2978a930 of 132 bytes failed: Only part of a ReadProcessMemory or WriteProcessMemory request was completed. (0x12B)
[0721/220517.479:ERROR:process_memory_win.cc(73)] ReadMemory at 0x15f2978aa60 of 146 bytes failed: Only part of a ReadProcessMemory or WriteProcessMemory request was completed. (0x12B)
[0721/220517.479:ERROR:process_memory_win.cc(73)] ReadMemory at 0x15f2978b960 of 54 bytes failed: Only part of a ReadProcessMemory or WriteProcessMemory request was completed. (0x12B)
[0721/220517.480:ERROR:process_memory_win.cc(73)] ReadMemory at 0x15f2978c170 of 132 bytes failed: Only part of a ReadProcessMemory or WriteProcessMemory request was completed. (0x12B)
[0721/220517.480:ERROR:process_memory_win.cc(73)] ReadMemory at 0x15f2978c2a0 of 132 bytes failed: Only part of a ReadProcessMemory or WriteProcessMemory request was completed. (0x12B)
[0721/220517.481:ERROR:process_memory_win.cc(73)] ReadMemory at 0x15f2978c3d0 of 132 bytes failed: Only part of a ReadProcessMemory or WriteProcessMemory request was completed. (0x12B)
[0721/220517.481:ERROR:process_memory_win.cc(73)] ReadMemory at 0x15f2978c500 of 132 bytes failed: Only part of a ReadProcessMemory or WriteProcessMemory request was completed. (0x12B)
[0721/220517.481:ERROR:process_memory_win.cc(73)] ReadMemory at 0x15f2978c630 of 132 bytes failed: Only part of a ReadProcessMemory or WriteProcessMemory request was completed. (0x12B)
[0721/220517.481:ERROR:process_memory_win.cc(73)] ReadMemory at 0x15f2978c760 of 132 bytes failed: Only part of a ReadProcessMemory or WriteProcessMemory request was completed. (0x12B)
[0721/220517.481:ERROR:process_memory_win.cc(73)] ReadMemory at 0x15f2978c890 of 132 bytes failed: Only part of a ReadProcessMemory or WriteProcessMemory request was completed. (0x12B)
[0721/220517.481:ERROR:process_memory_win.cc(73)] ReadMemory at 0x15f2978c9c0 of 132 bytes failed: Only part of a ReadProcessMemory or WriteProcessMemory request was completed. (0x12B)
[0721/220517.481:ERROR:process_memory_win.cc(73)] ReadMemory at 0x15f2978caf0 of 132 bytes failed: Only part of a ReadProcessMemory or WriteProcessMemory request was completed. (0x12B)
[0721/220517.481:ERROR:process_memory_win.cc(73)] ReadMemory at 0x15f2978cd50 of 132 bytes failed: Only part of a ReadProcessMemory or WriteProcessMemory request was completed. (0x12B)
[0721/220517.482:ERROR:process_memory_win.cc(73)] ReadMemory at 0x15f2978ce80 of 132 bytes failed: Only part of a ReadProcessMemory or WriteProcessMemory request was completed. (0x12B)
[0721/220517.482:ERROR:process_memory_win.cc(73)] ReadMemory at 0x15f2978cfb0 of 132 bytes failed: Only part of a ReadProcessMemory or WriteProcessMemory request was completed. (0x12B)
[0721/220517.482:ERROR:process_memory_win.cc(73)] ReadMemory at 0x15f2978d900 of 132 bytes failed: Only part of a ReadProcessMemory or WriteProcessMemory request was completed. (0x12B)
[0721/220517.482:ERROR:process_memory_win.cc(73)] ReadMemory at 0x15f29792500 of 80 bytes failed: Only part of a ReadProcessMemory or WriteProcessMemory request was completed. (0x12B)
[0721/220517.482:ERROR:process_memory_win.cc(73)] ReadMemory at 0x15f29792560 of 76 bytes failed: Only part of a ReadProcessMemory or WriteProcessMemory request was completed. (0x12B)
[0721/220517.482:ERROR:process_memory_win.cc(73)] ReadMemory at 0x15f29793380 of 132 bytes failed: Only part of a ReadProcessMemory or WriteProcessMemory request was completed. (0x12B)
[0721/220517.482:ERROR:process_memory_win.cc(73)] ReadMemory at 0x15f297935e0 of 132 bytes failed: Only part of a ReadProcessMemory or WriteProcessMemory request was completed. (0x12B)
[0721/220517.482:ERROR:process_memory_win.cc(73)] ReadMemory at 0x15f29793bd0 of 132 bytes failed: Only part of a ReadProcessMemory or WriteProcessMemory request was completed. (0x12B)
[0721/220517.483:ERROR:process_memory_win.cc(73)] ReadMemory at 0x15f29793f60 of 132 bytes failed: Only part of a ReadProcessMemory or WriteProcessMemory request was completed. (0x12B)
[0721/220517.483:ERROR:process_memory_win.cc(73)] ReadMemory at 0x15f29794090 of 132 bytes failed: Only part of a ReadProcessMemory or WriteProcessMemory request was completed. (0x12B)
[0721/220517.483:ERROR:process_memory_win.cc(73)] ReadMemory at 0x15f297941c0 of 132 bytes failed: Only part of a ReadProcessMemory or WriteProcessMemory request was completed. (0x12B)
[0721/220517.483:ERROR:process_memory_win.cc(73)] ReadMemory at 0x15f297942f0 of 132 bytes failed: Only part of a ReadProcessMemory or WriteProcessMemory request was completed. (0x12B)
[0721/220517.483:ERROR:process_memory_win.cc(73)] ReadMemory at 0x15f29794420 of 132 bytes failed: Only part of a ReadProcessMemory or WriteProcessMemory request was completed. (0x12B)
[0721/220517.483:ERROR:process_memory_win.cc(73)] ReadMemory at 0x15f29794550 of 132 bytes failed: Only part of a ReadProcessMemory or WriteProcessMemory request was completed. (0x12B)
[0721/220517.483:ERROR:process_memory_win.cc(73)] ReadMemory at 0x15f29794680 of 132 bytes failed: Only part of a ReadProcessMemory or WriteProcessMemory request was completed. (0x12B)
[0721/220517.483:ERROR:process_memory_win.cc(73)] ReadMemory at 0x15f297947b0 of 132 bytes failed: Only part of a ReadProcessMemory or WriteProcessMemory request was completed. (0x12B)
[0721/220517.484:ERROR:process_memory_win.cc(73)] ReadMemory at 0x15f297adc60 of 512 bytes failed: Only part of a ReadProcessMemory or WriteProcessMemory request was completed. (0x12B)
[0721/220517.484:ERROR:process_memory_win.cc(73)] ReadMemory at 0x15f297ae270 of 512 bytes failed: Only part of a ReadProcessMemory or WriteProcessMemory request was completed. (0x12B)
[0721/220517.484:ERROR:process_memory_win.cc(73)] ReadMemory at 0x15f29e70000 of 384 bytes failed: Only part of a ReadProcessMemory or WriteProcessMemory request was completed. (0x12B)
[0721/220517.484:ERROR:process_memory_win.cc(73)] ReadMemory at 0x15f29eb1bd0 of 512 bytes failed: Only part of a ReadProcessMemory or WriteProcessMemory request was completed. (0x12B)
[0721/220517.484:ERROR:process_memory_win.cc(73)] ReadMemory at 0x15f29eb6e03 of 512 bytes failed: Only part of a ReadProcessMemory or WriteProcessMemory request was completed. (0x12B)
[0721/220517.484:ERROR:process_memory_win.cc(73)] ReadMemory at 0x15f29ecc5d0 of 512 bytes failed: Only part of a ReadProcessMemory or WriteProcessMemory request was completed. (0x12B)
[0721/220517.484:ERROR:process_memory_win.cc(73)] ReadMemory at 0x15f29ece420 of 512 bytes failed: Only part of a ReadProcessMemory or WriteProcessMemory request was completed. (0x12B)
[0721/220517.484:ERROR:process_memory_win.cc(73)] ReadMemory at 0x15f29ed40d0 of 712 bytes failed: Only part of a ReadProcessMemory or WriteProcessMemory request was completed. (0x12B)
[0721/220517.485:ERROR:process_memory_win.cc(73)] ReadMemory at 0x15f2b660000 of 384 bytes failed: Only part of a ReadProcessMemory or WriteProcessMemory request was completed. (0x12B)
[0721/220517.485:ERROR:process_memory_win.cc(73)] ReadMemory at 0x15f2b6bf148 of 512 bytes failed: Only part of a ReadProcessMemory or WriteProcessMemory request was completed. (0x12B)
[0721/220517.485:ERROR:process_memory_win.cc(73)] ReadMemory at 0x15f2b6f2b40 of 512 bytes failed: Only part of a ReadProcessMemory or WriteProcessMemory request was completed. (0x12B)
[0721/220517.485:ERROR:process_memory_win.cc(73)] ReadMemory at 0x259d2498ff80 of 128 bytes failed: Only part of a ReadProcessMemory or WriteProcessMemory request was completed. (0x12B)
[0721/220517.485:ERROR:process_memory_win.cc(73)] ReadMemory at 0x3e6500000000 of 384 bytes failed: Only part of a ReadProcessMemory or WriteProcessMemory request was completed. (0x12B)
[0721/220517.485:ERROR:process_memory_win.cc(73)] ReadMemory at 0x3e650825f075 of 512 bytes failed: Only part of a ReadProcessMemory or WriteProcessMemory request was completed. (0x12B)
[0721/220517.485:ERROR:process_memory_win.cc(73)] ReadMemory at 0x7ffc0c0c5db5 of 512 bytes failed: Only part of a ReadProcessMemory or WriteProcessMemory request was completed. (0x12B)
[0721/220517.485:ERROR:process_memory_win.cc(73)] ReadMemory at 0x7ffc0c5b2a10 of 512 bytes failed: Only part of a ReadProcessMemory or WriteProcessMemory request was completed. (0x12B)
[0721/220517.486:ERROR:process_memory_win.cc(73)] ReadMemory at 0x7ffc0c90407c of 512 bytes failed: Only part of a ReadProcessMemory or WriteProcessMemory request was completed. (0x12B)
[0721/220517.486:ERROR:process_memory_win.cc(73)] ReadMemory at 0x7ffc0ce78cfc of 512 bytes failed: Only part of a ReadProcessMemory or WriteProcessMemory request was completed. (0x12B)
[0721/220517.486:ERROR:process_memory_win.cc(73)] ReadMemory at 0x7ffc10fa8a50 of 512 bytes failed: Only part of a ReadProcessMemory or WriteProcessMemory request was completed. (0x12B)
[0721/220517.486:ERROR:process_memory_win.cc(73)] ReadMemory at 0x7ffc1118be50 of 512 bytes failed: Only part of a ReadProcessMemory or WriteProcessMemory request was completed. (0x12B)
[0721/220517.486:ERROR:process_memory_win.cc(73)] ReadMemory at 0x7ffc114c4e50 of 512 bytes failed: Only part of a ReadProcessMemory or WriteProcessMemory request was completed. (0x12B)
[0721/220517.486:ERROR:process_memory_win.cc(73)] ReadMemory at 0x7ffc11fea2e0 of 752 bytes failed: Only part of a ReadProcessMemory or WriteProcessMemory request was completed. (0x12B)
[0721/220517.486:ERROR:process_memory_win.cc(73)] ReadMemory at 0x7ffc11febc90 of 512 bytes failed: Only part of a ReadProcessMemory or WriteProcessMemory request was completed. (0x12B)
[0721/220517.486:ERROR:process_memory_win.cc(73)] ReadMemory at 0x7ffc122f95e8 of 512 bytes failed: Only part of a ReadProcessMemory or WriteProcessMemory request was completed. (0x12B)
[0721/220517.486:ERROR:process_memory_win.cc(73)] ReadMemory at 0x7ffc6269a719 of 512 bytes failed: Only part of a ReadProcessMemory or WriteProcessMemory request was completed. (0x12B)
[0721/220517.486:ERROR:process_memory_win.cc(73)] ReadMemory at 0x7ffc648fc074 of 672 bytes failed: Only part of a ReadProcessMemory or WriteProcessMemory request was completed. (0x12B)
[0721/220517.486:ERROR:process_memory_win.cc(73)] ReadMemory at 0x7ffc648fc674 of 512 bytes failed: Only part of a ReadProcessMemory or WriteProcessMemory request was completed. (0x12B)
[0721/220517.486:ERROR:process_memory_win.cc(73)] ReadMemory at 0x7ffc648ff924 of 608 bytes failed: Only part of a ReadProcessMemory or WriteProcessMemory request was completed. (0x12B)
[0721/220517.487:ERROR:process_memory_win.cc(73)] ReadMemory at 0x7ffc6498c428 of 18 bytes failed: Only part of a ReadProcessMemory or WriteProcessMemory request was completed. (0x12B)
[0721/220517.487:ERROR:process_memory_win.cc(73)] ReadMemory at 0x7ffc649bf4f8 of 40 bytes failed: Only part of a ReadProcessMemory or WriteProcessMemory request was completed. (0x12B)
[0721/220517.487:ERROR:process_memory_win.cc(73)] ReadMemory at 0x7ffc649bf978 of 48 bytes failed: Only part of a ReadProcessMemory or WriteProcessMemory request was completed. (0x12B)
[0721/220517.487:ERROR:process_memory_win.cc(73)] ReadMemory at 0x7ffc649c53c0 of 64 bytes failed: Only part of a ReadProcessMemory or WriteProcessMemory request was completed. (0x12B)
[0721/220517.491:ERROR:scoped_process_suspend.cc(40)] NtResumeProcess: An attempt was made to access an exiting process. (0xc000010a)
[0728/132337.937:ERROR:process_info.cc(359)] UncheckedAllocate
